<?xml version="1.0" encoding="UTF-8"?>
<!-- Generated by org.testng.reporters.JUnitReportReporter -->
<testsuite skipped="0" hostname="Avinashs-MacBook-Pro.local" name="TestCases.SampleTest" tests="4" failures="0" timestamp="25 Jan 2019 17:30:22 GMT" time="0.025" errors="0">
  <testcase name="m1" time="0.016" classname="TestCases.SampleTest"/>
  <testcase name="m1" time="0.002" classname="TestCases.SampleTest"/>
  <testcase name="m1" time="0.004" classname="TestCases.SampleTest"/>
  <testcase name="m1" time="0.003" classname="TestCases.SampleTest"/>
</testsuite> <!-- TestCases.SampleTest -->
